<?xml version="1.0" encoding="UTF-8"?>
<!-- Generated by org.testng.reporters.JUnitXMLReporter -->
<testsuite hostname="olhas-MacBook-Pro.local" ignored="0" name="Command line test" tests="2" failures="0" timestamp="07 Mar 2019 17:52:27 GMT" time="60.323" errors="0">
  <testcase name="@BeforeClass setUp" time="60.299" classname="Test.EmployeesDBTest">
    <failure type="java.sql.SQLRecoverableException" message="IO Error: The Network Adapter could not establish the connection">
      <![CDATA[java.sql.SQLRecoverableException: IO Error: The Network Adapter could not establish the connection
at oracle.jdbc.driver.T4CConnection.logon(T4CConnection.java:458)
at oracle.jdbc.driver.PhysicalConnection.<init>(PhysicalConnection.java:546)
at oracle.jdbc.driver.T4CConnection.<init>(T4CConnection.java:236)
at oracle.jdbc.driver.T4CDriverExtension.getConnection(T4CDriverExtension.java:32)
at oracle.jdbc.driver.OracleDriver.connect(OracleDriver.java:521)
at java.sql.DriverManager.getConnection(DriverManager.java:664)
at java.sql.DriverManager.getConnection(DriverManager.java:247)
at utilities.DBUtility.establishConnection(DBUtility.java:20)
at Test.EmployeesDBTest.setUp(EmployeesDBTest.java:20)
Caused by: oracle.net.ns.NetException: The Network Adapter could not establish the connection
at oracle.net.nt.ConnStrategy.execute(ConnStrategy.java:392)
at oracle.net.resolver.AddrResolution.resolveAndExecute(AddrResolution.java:434)
at oracle.net.ns.NSProtocol.establishConnection(NSProtocol.java:687)
at oracle.net.ns.NSProtocol.connect(NSProtocol.java:247)
at oracle.jdbc.driver.T4CConnection.connect(T4CConnection.java:1102)
at oracle.jdbc.driver.T4CConnection.logon(T4CConnection.java:320)
... 44 more
Caused by: java.net.SocketTimeoutException: connect timed out
at java.net.PlainSocketImpl.socketConnect(Native Method)
at java.net.AbstractPlainSocketImpl.doConnect(AbstractPlainSocketImpl.java:350)
at java.net.AbstractPlainSocketImpl.connectToAddress(AbstractPlainSocketImpl.java:206)
at java.net.AbstractPlainSocketImpl.connect(AbstractPlainSocketImpl.java:188)
at java.net.SocksSocketImpl.connect(SocksSocketImpl.java:392)
at java.net.Socket.connect(Socket.java:589)
at oracle.net.nt.TcpNTAdapter.connect(TcpNTAdapter.java:150)
at oracle.net.nt.ConnOption.connect(ConnOption.java:133)
at oracle.net.nt.ConnStrategy.execute(ConnStrategy.java:370)
... 49 more
... Removed 36 stack frames]]>
    </failure>
  </testcase> <!-- @BeforeClass setUp -->
  <testcase name="@AfterClass closeAll" time="0.0" classname="Test.EmployeesDBTest">
    <skipped/>
  </testcase> <!-- @AfterClass closeAll -->
  <testcase name="countTest" time="0.0" classname="Test.EmployeesDBTest">
    <skipped/>
  </testcase> <!-- countTest -->
  <testcase name="nameTestByID" time="0.0" classname="Test.EmployeesDBTest">
    <skipped/>
  </testcase> <!-- nameTestByID -->
</testsuite> <!-- Command line test -->
